2018-08-24 16:05:13,524 p=8001 u=ryanfisher |  - downloading role 'datadog', owned by Datadog
2018-08-24 16:05:20,724 p=8001 u=ryanfisher |  - downloading role from https://github.com/DataDog/ansible-datadog/archive/2.3.0.tar.gz
2018-08-24 16:05:27,238 p=8001 u=ryanfisher |  - extracting Datadog.datadog to /Users/ryanfisher/dev/measurabl/src/orchestration/roles.galaxy/Datadog.datadog
2018-08-24 16:05:27,261 p=8001 u=ryanfisher |  - Datadog.datadog (2.3.0) was installed successfully
2018-08-24 16:14:01,699 p=9225 u=ryanfisher |  ERROR! Only one --vault-id can be used for encryption. This includes passwords from configuration and cli.
2018-08-24 16:14:13,734 p=9238 u=ryanfisher |  ERROR! Only one --vault-id can be used for encryption. This includes passwords from configuration and cli.
2018-08-24 16:14:22,945 p=9248 u=ryanfisher |  ERROR! Only one --vault-id can be used for encryption. This includes passwords from configuration and cli.
2018-08-24 16:15:48,379 p=9578 u=ryanfisher |  ERROR! Only one --vault-id can be used for encryption. This includes passwords from configuration and cli.
2018-08-24 16:15:51,262 p=9602 u=ryanfisher |  ERROR! Only one --vault-id can be used for encryption. This includes passwords from configuration and cli.
2018-08-24 16:15:57,009 p=9620 u=ryanfisher |  ERROR! Only one --vault-id can be used for encryption. This includes passwords from configuration and cli.
2018-08-24 16:16:35,439 p=9809 u=ryanfisher |   [WARNING]: While constructing a mapping from /Users/ryanfisher/dev/measurabl/s
rc/orchestration/environments/production/group_vars/all/datadog-key.vault.yml,
line 3, column 1, found a duplicate dict key (datadog_api_key). Using last
defined value only.

2018-08-24 16:16:35,440 p=9809 u=ryanfisher |   [WARNING]: While constructing a mapping from <unicode string>, line 3, column
1, found a duplicate dict key (datadog_api_key). Using last defined value only.

2018-08-24 16:24:17,254 p=10974 u=ryanfisher |  - downloading role 'datadog', owned by Datadog
2018-08-24 16:24:23,702 p=10974 u=ryanfisher |  - downloading role from https://github.com/DataDog/ansible-datadog/archive/2.3.0.tar.gz
2018-08-24 16:24:29,713 p=10974 u=ryanfisher |  - extracting Datadog.datadog to /Users/ryanfisher/dev/measurabl/src/orchestration/roles.galaxy/Datadog.datadog
2018-08-24 16:24:29,733 p=10974 u=ryanfisher |  - Datadog.datadog (2.3.0) was installed successfully
2018-08-26 01:30:54,446 p=8579 u=ryanfisher |  PLAY [build] *******************************************************************
2018-08-26 01:30:54,866 p=8579 u=ryanfisher |  TASK [Gathering Facts] *********************************************************
2018-08-26 01:30:54,867 p=8579 u=ryanfisher |  Sunday 26 August 2018  01:30:54 -0700 (0:00:00.552)       0:00:00.553 ********* 
2018-08-26 01:31:00,401 p=8579 u=ryanfisher |  ok: [docker_build]
2018-08-26 01:31:00,419 p=8579 u=ryanfisher |  TASK [INCLUDE ROLE - Install ansible dependencies] *****************************
2018-08-26 01:31:00,420 p=8579 u=ryanfisher |  Sunday 26 August 2018  01:31:00 -0700 (0:00:05.553)       0:00:06.106 ********* 
2018-08-26 01:31:00,494 p=8579 u=ryanfisher |  TASK [ansible-dependencies : Ensure the ansible directory exists] **************
2018-08-26 01:31:00,494 p=8579 u=ryanfisher |  Sunday 26 August 2018  01:31:00 -0700 (0:00:00.074)       0:00:06.180 ********* 
2018-08-26 01:31:01,175 p=8579 u=ryanfisher |  ok: [docker_build]
2018-08-26 01:31:01,190 p=8579 u=ryanfisher |  TASK [ansible-dependencies : Ensure the core_dependencies_version file exists] ***
2018-08-26 01:31:01,191 p=8579 u=ryanfisher |  Sunday 26 August 2018  01:31:01 -0700 (0:00:00.696)       0:00:06.877 ********* 
2018-08-26 01:31:01,646 p=8579 u=ryanfisher |  ok: [docker_build]
2018-08-26 01:31:01,666 p=8579 u=ryanfisher |  TASK [ansible-dependencies : Get the current core depencencies version] ********
2018-08-26 01:31:01,666 p=8579 u=ryanfisher |  Sunday 26 August 2018  01:31:01 -0700 (0:00:00.475)       0:00:07.352 ********* 
2018-08-26 01:31:02,336 p=8579 u=ryanfisher |  ok: [docker_build -> localhost]
2018-08-26 01:31:02,346 p=8579 u=ryanfisher |  TASK [ansible-dependencies : Get the last installed core dependencies version] ***
2018-08-26 01:31:02,346 p=8579 u=ryanfisher |  Sunday 26 August 2018  01:31:02 -0700 (0:00:00.679)       0:00:08.032 ********* 
2018-08-26 01:31:03,019 p=8579 u=ryanfisher |  ok: [docker_build]
2018-08-26 01:31:03,034 p=8579 u=ryanfisher |  TASK [ansible-dependencies : Set fact with core dependencies install conditions] ***
2018-08-26 01:31:03,035 p=8579 u=ryanfisher |  Sunday 26 August 2018  01:31:03 -0700 (0:00:00.688)       0:00:08.721 ********* 
2018-08-26 01:31:03,269 p=8579 u=ryanfisher |  ok: [docker_build]
2018-08-26 01:31:03,279 p=8579 u=ryanfisher |  TASK [ansible-dependencies : Update apt sources] *******************************
2018-08-26 01:31:03,280 p=8579 u=ryanfisher |  Sunday 26 August 2018  01:31:03 -0700 (0:00:00.244)       0:00:08.965 ********* 
2018-08-26 01:31:13,303 p=8579 u=ryanfisher |  ok: [docker_build]
2018-08-26 01:31:13,320 p=8579 u=ryanfisher |  TASK [ansible-dependencies : INCLUDE - core dependencies] **********************
2018-08-26 01:31:13,321 p=8579 u=ryanfisher |  Sunday 26 August 2018  01:31:13 -0700 (0:00:10.041)       0:00:19.007 ********* 
2018-08-26 01:31:13,362 p=8579 u=ryanfisher |  skipping: [docker_build]
2018-08-26 01:31:13,377 p=8579 u=ryanfisher |  TASK [ansible-dependencies : Ensure system package Ansible module dependencies are installed] ***
2018-08-26 01:31:13,377 p=8579 u=ryanfisher |  Sunday 26 August 2018  01:31:13 -0700 (0:00:00.056)       0:00:19.063 ********* 
2018-08-26 01:31:16,939 p=8579 u=ryanfisher |  ok: [docker_build] => (item=[u'rsync', u'libxml2-dev', u'libxslt1-dev', u'git'])
2018-08-26 01:31:16,950 p=8579 u=ryanfisher |  TASK [ansible-dependencies : INCLUDE ROLE - pip] *******************************
2018-08-26 01:31:16,950 p=8579 u=ryanfisher |  Sunday 26 August 2018  01:31:16 -0700 (0:00:03.572)       0:00:22.636 ********* 
2018-08-26 01:31:17,022 p=8579 u=ryanfisher |  TASK [pip : Deploy the global pip configuration file] **************************
2018-08-26 01:31:17,022 p=8579 u=ryanfisher |  Sunday 26 August 2018  01:31:17 -0700 (0:00:00.072)       0:00:22.708 ********* 
2018-08-26 01:31:18,689 p=8579 u=ryanfisher |  changed: [docker_build]
2018-08-26 01:31:18,700 p=8579 u=ryanfisher |  TASK [pip : Ensure python packages installed by apt are absent] ****************
2018-08-26 01:31:18,701 p=8579 u=ryanfisher |  Sunday 26 August 2018  01:31:18 -0700 (0:00:01.678)       0:00:24.386 ********* 
2018-08-26 01:31:22,177 p=8579 u=ryanfisher |  ok: [docker_build] => (item=[u'python-pip', u'python3-pip', u'python-urllib3', u'python-openssl'])
2018-08-26 01:31:22,190 p=8579 u=ryanfisher |  TASK [pip : Check pip version and configuration] *******************************
2018-08-26 01:31:22,190 p=8579 u=ryanfisher |  Sunday 26 August 2018  01:31:22 -0700 (0:00:03.489)       0:00:27.876 ********* 
2018-08-26 01:31:23,714 p=8579 u=ryanfisher |  ok: [docker_build] => (item=pip)
2018-08-26 01:31:24,465 p=8579 u=ryanfisher |  ok: [docker_build] => (item=pip2)
2018-08-26 01:31:25,583 p=8579 u=ryanfisher |  ok: [docker_build] => (item=pip3)
2018-08-26 01:31:25,598 p=8579 u=ryanfisher |  TASK [pip : Set conditions for pip installtion] ********************************
2018-08-26 01:31:25,598 p=8579 u=ryanfisher |  Sunday 26 August 2018  01:31:25 -0700 (0:00:03.408)       0:00:31.284 ********* 
2018-08-26 01:31:25,793 p=8579 u=ryanfisher |  ok: [docker_build]
2018-08-26 01:31:25,804 p=8579 u=ryanfisher |  TASK [pip : INCLUDE - pip bootstrap] *******************************************
2018-08-26 01:31:25,804 p=8579 u=ryanfisher |  Sunday 26 August 2018  01:31:25 -0700 (0:00:00.205)       0:00:31.490 ********* 
2018-08-26 01:31:25,871 p=8579 u=ryanfisher |  included: /Users/ryanfisher/dev/measurabl/src/orchestration/roles/pip/tasks/bootstrap.yml for docker_build
2018-08-26 01:31:25,887 p=8579 u=ryanfisher |  TASK [pip : Copy get-pip.py to the host] ***************************************
2018-08-26 01:31:25,888 p=8579 u=ryanfisher |  Sunday 26 August 2018  01:31:25 -0700 (0:00:00.083)       0:00:31.574 ********* 
2018-08-26 01:31:28,158 p=8579 u=ryanfisher |  ok: [docker_build]
2018-08-26 01:31:28,171 p=8579 u=ryanfisher |  TASK [pip : Ensure pip is installed for Python 3] ******************************
2018-08-26 01:31:28,171 p=8579 u=ryanfisher |  Sunday 26 August 2018  01:31:28 -0700 (0:00:02.283)       0:00:33.857 ********* 
2018-08-26 01:31:37,939 p=8579 u=ryanfisher |  fatal: [docker_build]: FAILED! => {"changed": true, "cmd": "/usr/bin/env python3 /tmp/get-pip.py", "delta": "0:00:09.269406", "end": "2018-08-26 08:31:37.889126", "msg": "non-zero return code", "rc": 1, "start": "2018-08-26 08:31:28.619720", "stderr": "  Retrying (Retry(total=4, connect=None, read=None, redirect=None, status=None)) after connection broken by 'NewConnectionError('<pip._vendor.urllib3.connection.HTTPConnection object at 0x7fabb61a9048>: Failed to establish a new connection: [Errno -3] Temporary failure in name resolution',)': /repository/pypi-proxy/simple/pip/\n  Retrying (Retry(total=3, connect=None, read=None, redirect=None, status=None)) after connection broken by 'NewConnectionError('<pip._vendor.urllib3.connection.HTTPConnection object at 0x7fabb61a9358>: Failed to establish a new connection: [Errno -3] Temporary failure in name resolution',)': /repository/pypi-proxy/simple/pip/\n  Retrying (Retry(total=2, connect=None, read=None, redirect=None, status=None)) after connection broken by 'NewConnectionError('<pip._vendor.urllib3.connection.HTTPConnection object at 0x7fabb61a94e0>: Failed to establish a new connection: [Errno -3] Temporary failure in name resolution',)': /repository/pypi-proxy/simple/pip/\n  Retrying (Retry(total=1, connect=None, read=None, redirect=None, status=None)) after connection broken by 'NewConnectionError('<pip._vendor.urllib3.connection.HTTPConnection object at 0x7fabb61a9668>: Failed to establish a new connection: [Errno -3] Temporary failure in name resolution',)': /repository/pypi-proxy/simple/pip/\n  Retrying (Retry(total=0, connect=None, read=None, redirect=None, status=None)) after connection broken by 'NewConnectionError('<pip._vendor.urllib3.connection.HTTPConnection object at 0x7fabb61a9828>: Failed to establish a new connection: [Errno -3] Temporary failure in name resolution',)': /repository/pypi-proxy/simple/pip/\n  Could not find a version that satisfies the requirement pip (from versions: )\nNo matching distribution found for pip", "stderr_lines": ["  Retrying (Retry(total=4, connect=None, read=None, redirect=None, status=None)) after connection broken by 'NewConnectionError('<pip._vendor.urllib3.connection.HTTPConnection object at 0x7fabb61a9048>: Failed to establish a new connection: [Errno -3] Temporary failure in name resolution',)': /repository/pypi-proxy/simple/pip/", "  Retrying (Retry(total=3, connect=None, read=None, redirect=None, status=None)) after connection broken by 'NewConnectionError('<pip._vendor.urllib3.connection.HTTPConnection object at 0x7fabb61a9358>: Failed to establish a new connection: [Errno -3] Temporary failure in name resolution',)': /repository/pypi-proxy/simple/pip/", "  Retrying (Retry(total=2, connect=None, read=None, redirect=None, status=None)) after connection broken by 'NewConnectionError('<pip._vendor.urllib3.connection.HTTPConnection object at 0x7fabb61a94e0>: Failed to establish a new connection: [Errno -3] Temporary failure in name resolution',)': /repository/pypi-proxy/simple/pip/", "  Retrying (Retry(total=1, connect=None, read=None, redirect=None, status=None)) after connection broken by 'NewConnectionError('<pip._vendor.urllib3.connection.HTTPConnection object at 0x7fabb61a9668>: Failed to establish a new connection: [Errno -3] Temporary failure in name resolution',)': /repository/pypi-proxy/simple/pip/", "  Retrying (Retry(total=0, connect=None, read=None, redirect=None, status=None)) after connection broken by 'NewConnectionError('<pip._vendor.urllib3.connection.HTTPConnection object at 0x7fabb61a9828>: Failed to establish a new connection: [Errno -3] Temporary failure in name resolution',)': /repository/pypi-proxy/simple/pip/", "  Could not find a version that satisfies the requirement pip (from versions: )", "No matching distribution found for pip"], "stdout": "Looking in indexes: http://nexus:8081/repository/pypi-proxy/simple\nCollecting pip", "stdout_lines": ["Looking in indexes: http://nexus:8081/repository/pypi-proxy/simple", "Collecting pip"]}
2018-08-26 01:31:37,942 p=8579 u=ryanfisher |  PLAY RECAP *********************************************************************
2018-08-26 01:31:37,942 p=8579 u=ryanfisher |  docker_build               : ok=14   changed=1    unreachable=0    failed=1   
2018-08-26 01:31:37,943 p=8579 u=ryanfisher |  Sunday 26 August 2018  01:31:37 -0700 (0:00:09.771)       0:00:43.629 ********* 
2018-08-26 01:31:37,943 p=8579 u=ryanfisher |  =============================================================================== 
2018-08-26 01:31:37,943 p=8579 u=ryanfisher |  ansible-dependencies : Update apt sources ------------------------------ 10.04s
2018-08-26 01:31:37,943 p=8579 u=ryanfisher |  pip : Ensure pip is installed for Python 3 ------------------------------ 9.77s
2018-08-26 01:31:37,944 p=8579 u=ryanfisher |  Gathering Facts --------------------------------------------------------- 5.55s
2018-08-26 01:31:37,944 p=8579 u=ryanfisher |  ansible-dependencies : Ensure system package Ansible module dependencies are installed --- 3.57s
2018-08-26 01:31:37,944 p=8579 u=ryanfisher |  pip : Ensure python packages installed by apt are absent ---------------- 3.49s
2018-08-26 01:31:37,944 p=8579 u=ryanfisher |  pip : Check pip version and configuration ------------------------------- 3.41s
2018-08-26 01:31:37,944 p=8579 u=ryanfisher |  pip : Copy get-pip.py to the host --------------------------------------- 2.28s
2018-08-26 01:31:37,945 p=8579 u=ryanfisher |  pip : Deploy the global pip configuration file -------------------------- 1.68s
2018-08-26 01:31:37,945 p=8579 u=ryanfisher |  ansible-dependencies : Ensure the ansible directory exists -------------- 0.70s
2018-08-26 01:31:37,945 p=8579 u=ryanfisher |  ansible-dependencies : Get the last installed core dependencies version --- 0.69s
2018-08-26 01:31:37,945 p=8579 u=ryanfisher |  ansible-dependencies : Get the current core depencencies version -------- 0.68s
2018-08-26 01:31:37,945 p=8579 u=ryanfisher |  ansible-dependencies : Ensure the core_dependencies_version file exists --- 0.48s
2018-08-26 01:31:37,946 p=8579 u=ryanfisher |  ansible-dependencies : Set fact with core dependencies install conditions --- 0.24s
2018-08-26 01:31:37,946 p=8579 u=ryanfisher |  pip : Set conditions for pip installtion -------------------------------- 0.21s
2018-08-26 01:31:37,946 p=8579 u=ryanfisher |  pip : INCLUDE - pip bootstrap ------------------------------------------- 0.08s
2018-08-26 01:31:37,946 p=8579 u=ryanfisher |  INCLUDE ROLE - Install ansible dependencies ----------------------------- 0.07s
2018-08-26 01:31:37,946 p=8579 u=ryanfisher |  ansible-dependencies : INCLUDE ROLE - pip ------------------------------- 0.07s
2018-08-26 01:31:37,946 p=8579 u=ryanfisher |  ansible-dependencies : INCLUDE - core dependencies ---------------------- 0.06s
2018-08-26 01:37:26,889 p=8805 u=ryanfisher |  PLAY [build] *********************************************************************************************************
2018-08-26 01:37:27,365 p=8805 u=ryanfisher |  TASK [INCLUDE ROLE - Install ansible dependencies] *******************************************************************
2018-08-26 01:37:27,365 p=8805 u=ryanfisher |  Sunday 26 August 2018  01:37:27 -0700 (0:00:00.607)       0:00:00.607 ********* 
2018-08-26 01:37:27,432 p=8805 u=ryanfisher |  TASK [ansible-dependencies : Ensure the ansible directory exists] ****************************************************
2018-08-26 01:37:27,433 p=8805 u=ryanfisher |  Sunday 26 August 2018  01:37:27 -0700 (0:00:00.067)       0:00:00.675 ********* 
2018-08-26 01:37:28,089 p=8805 u=ryanfisher |  ok: [docker_build]
2018-08-26 01:37:28,103 p=8805 u=ryanfisher |  TASK [ansible-dependencies : Ensure the core_dependencies_version file exists] ***************************************
2018-08-26 01:37:28,104 p=8805 u=ryanfisher |  Sunday 26 August 2018  01:37:28 -0700 (0:00:00.670)       0:00:01.345 ********* 
2018-08-26 01:37:28,602 p=8805 u=ryanfisher |  ok: [docker_build]
2018-08-26 01:37:28,621 p=8805 u=ryanfisher |  TASK [ansible-dependencies : Get the current core depencencies version] **********************************************
2018-08-26 01:37:28,622 p=8805 u=ryanfisher |  Sunday 26 August 2018  01:37:28 -0700 (0:00:00.517)       0:00:01.863 ********* 
2018-08-26 01:37:29,066 p=8805 u=ryanfisher |  ok: [docker_build -> localhost]
2018-08-26 01:37:29,074 p=8805 u=ryanfisher |  TASK [ansible-dependencies : Get the last installed core dependencies version] ***************************************
2018-08-26 01:37:29,074 p=8805 u=ryanfisher |  Sunday 26 August 2018  01:37:29 -0700 (0:00:00.452)       0:00:02.316 ********* 
2018-08-26 01:37:29,668 p=8805 u=ryanfisher |  ok: [docker_build]
2018-08-26 01:37:29,686 p=8805 u=ryanfisher |  TASK [ansible-dependencies : Set fact with core dependencies install conditions] *************************************
2018-08-26 01:37:29,686 p=8805 u=ryanfisher |  Sunday 26 August 2018  01:37:29 -0700 (0:00:00.611)       0:00:02.928 ********* 
2018-08-26 01:37:29,905 p=8805 u=ryanfisher |  ok: [docker_build]
2018-08-26 01:37:29,915 p=8805 u=ryanfisher |  TASK [ansible-dependencies : Update apt sources] *********************************************************************
2018-08-26 01:37:29,916 p=8805 u=ryanfisher |  Sunday 26 August 2018  01:37:29 -0700 (0:00:00.229)       0:00:03.157 ********* 
2018-08-26 01:37:33,780 p=8805 u=ryanfisher |  ok: [docker_build]
2018-08-26 01:37:33,797 p=8805 u=ryanfisher |  TASK [ansible-dependencies : INCLUDE - core dependencies] ************************************************************
2018-08-26 01:37:33,798 p=8805 u=ryanfisher |  Sunday 26 August 2018  01:37:33 -0700 (0:00:03.882)       0:00:07.039 ********* 
2018-08-26 01:37:33,839 p=8805 u=ryanfisher |  skipping: [docker_build]
2018-08-26 01:37:33,852 p=8805 u=ryanfisher |  TASK [ansible-dependencies : Ensure system package Ansible module dependencies are installed] ************************
2018-08-26 01:37:33,852 p=8805 u=ryanfisher |  Sunday 26 August 2018  01:37:33 -0700 (0:00:00.054)       0:00:07.094 ********* 
2018-08-26 01:37:37,459 p=8805 u=ryanfisher |  ok: [docker_build] => (item=[u'rsync', u'libxml2-dev', u'libxslt1-dev', u'git'])
2018-08-26 01:37:37,481 p=8805 u=ryanfisher |  TASK [ansible-dependencies : INCLUDE ROLE - pip] *********************************************************************
2018-08-26 01:37:37,481 p=8805 u=ryanfisher |  Sunday 26 August 2018  01:37:37 -0700 (0:00:03.628)       0:00:10.723 ********* 
2018-08-26 01:37:37,557 p=8805 u=ryanfisher |  TASK [pip : Deploy the global pip configuration file] ****************************************************************
2018-08-26 01:37:37,557 p=8805 u=ryanfisher |  Sunday 26 August 2018  01:37:37 -0700 (0:00:00.075)       0:00:10.798 ********* 
2018-08-26 01:37:39,325 p=8805 u=ryanfisher |  changed: [docker_build]
2018-08-26 01:37:39,343 p=8805 u=ryanfisher |  TASK [pip : Ensure python packages installed by apt are absent] ******************************************************
2018-08-26 01:37:39,343 p=8805 u=ryanfisher |  Sunday 26 August 2018  01:37:39 -0700 (0:00:01.786)       0:00:12.585 ********* 
2018-08-26 01:37:42,855 p=8805 u=ryanfisher |  ok: [docker_build] => (item=[u'python-pip', u'python3-pip', u'python-urllib3', u'python-openssl'])
2018-08-26 01:37:42,870 p=8805 u=ryanfisher |  TASK [pip : Check pip version and configuration] *********************************************************************
2018-08-26 01:37:42,870 p=8805 u=ryanfisher |  Sunday 26 August 2018  01:37:42 -0700 (0:00:03.527)       0:00:16.112 ********* 
2018-08-26 01:37:43,861 p=8805 u=ryanfisher |  ok: [docker_build] => (item=pip)
2018-08-26 01:37:44,677 p=8805 u=ryanfisher |  ok: [docker_build] => (item=pip2)
2018-08-26 01:37:45,463 p=8805 u=ryanfisher |  ok: [docker_build] => (item=pip3)
2018-08-26 01:37:45,481 p=8805 u=ryanfisher |  TASK [pip : Set conditions for pip installtion] **********************************************************************
2018-08-26 01:37:45,481 p=8805 u=ryanfisher |  Sunday 26 August 2018  01:37:45 -0700 (0:00:02.611)       0:00:18.723 ********* 
2018-08-26 01:37:45,708 p=8805 u=ryanfisher |  ok: [docker_build]
2018-08-26 01:37:45,717 p=8805 u=ryanfisher |  TASK [pip : INCLUDE - pip bootstrap] *********************************************************************************
2018-08-26 01:37:45,717 p=8805 u=ryanfisher |  Sunday 26 August 2018  01:37:45 -0700 (0:00:00.235)       0:00:18.959 ********* 
2018-08-26 01:37:45,770 p=8805 u=ryanfisher |  included: /Users/ryanfisher/dev/measurabl/src/orchestration/roles/pip/tasks/bootstrap.yml for docker_build
2018-08-26 01:37:45,783 p=8805 u=ryanfisher |  TASK [pip : Copy get-pip.py to the host] *****************************************************************************
2018-08-26 01:37:45,783 p=8805 u=ryanfisher |  Sunday 26 August 2018  01:37:45 -0700 (0:00:00.065)       0:00:19.025 ********* 
2018-08-26 01:37:48,143 p=8805 u=ryanfisher |  ok: [docker_build]
2018-08-26 01:37:48,164 p=8805 u=ryanfisher |  TASK [pip : Ensure pip is installed for Python 3] ********************************************************************
2018-08-26 01:37:48,165 p=8805 u=ryanfisher |  Sunday 26 August 2018  01:37:48 -0700 (0:00:02.381)       0:00:21.406 ********* 
2018-08-26 01:37:57,870 p=8805 u=ryanfisher |  fatal: [docker_build]: FAILED! => {"changed": true, "cmd": "/usr/bin/env python3 /tmp/get-pip.py", "delta": "0:00:09.198608", "end": "2018-08-26 08:37:57.813802", "msg": "non-zero return code", "rc": 1, "start": "2018-08-26 08:37:48.615194", "stderr": "  Retrying (Retry(total=4, connect=None, read=None, redirect=None, status=None)) after connection broken by 'NewConnectionError('<pip._vendor.urllib3.connection.HTTPConnection object at 0x7f8355e85048>: Failed to establish a new connection: [Errno -3] Temporary failure in name resolution',)': /repository/pypi-proxy/simple/pip/\n  Retrying (Retry(total=3, connect=None, read=None, redirect=None, status=None)) after connection broken by 'NewConnectionError('<pip._vendor.urllib3.connection.HTTPConnection object at 0x7f8355e85128>: Failed to establish a new connection: [Errno -3] Temporary failure in name resolution',)': /repository/pypi-proxy/simple/pip/\n  Retrying (Retry(total=2, connect=None, read=None, redirect=None, status=None)) after connection broken by 'NewConnectionError('<pip._vendor.urllib3.connection.HTTPConnection object at 0x7f8355e85438>: Failed to establish a new connection: [Errno -3] Temporary failure in name resolution',)': /repository/pypi-proxy/simple/pip/\n  Retrying (Retry(total=1, connect=None, read=None, redirect=None, status=None)) after connection broken by 'NewConnectionError('<pip._vendor.urllib3.connection.HTTPConnection object at 0x7f8355e855c0>: Failed to establish a new connection: [Errno -3] Temporary failure in name resolution',)': /repository/pypi-proxy/simple/pip/\n  Retrying (Retry(total=0, connect=None, read=None, redirect=None, status=None)) after connection broken by 'NewConnectionError('<pip._vendor.urllib3.connection.HTTPConnection object at 0x7f8355e85748>: Failed to establish a new connection: [Errno -3] Temporary failure in name resolution',)': /repository/pypi-proxy/simple/pip/\n  Could not find a version that satisfies the requirement pip (from versions: )\nNo matching distribution found for pip", "stderr_lines": ["  Retrying (Retry(total=4, connect=None, read=None, redirect=None, status=None)) after connection broken by 'NewConnectionError('<pip._vendor.urllib3.connection.HTTPConnection object at 0x7f8355e85048>: Failed to establish a new connection: [Errno -3] Temporary failure in name resolution',)': /repository/pypi-proxy/simple/pip/", "  Retrying (Retry(total=3, connect=None, read=None, redirect=None, status=None)) after connection broken by 'NewConnectionError('<pip._vendor.urllib3.connection.HTTPConnection object at 0x7f8355e85128>: Failed to establish a new connection: [Errno -3] Temporary failure in name resolution',)': /repository/pypi-proxy/simple/pip/", "  Retrying (Retry(total=2, connect=None, read=None, redirect=None, status=None)) after connection broken by 'NewConnectionError('<pip._vendor.urllib3.connection.HTTPConnection object at 0x7f8355e85438>: Failed to establish a new connection: [Errno -3] Temporary failure in name resolution',)': /repository/pypi-proxy/simple/pip/", "  Retrying (Retry(total=1, connect=None, read=None, redirect=None, status=None)) after connection broken by 'NewConnectionError('<pip._vendor.urllib3.connection.HTTPConnection object at 0x7f8355e855c0>: Failed to establish a new connection: [Errno -3] Temporary failure in name resolution',)': /repository/pypi-proxy/simple/pip/", "  Retrying (Retry(total=0, connect=None, read=None, redirect=None, status=None)) after connection broken by 'NewConnectionError('<pip._vendor.urllib3.connection.HTTPConnection object at 0x7f8355e85748>: Failed to establish a new connection: [Errno -3] Temporary failure in name resolution',)': /repository/pypi-proxy/simple/pip/", "  Could not find a version that satisfies the requirement pip (from versions: )", "No matching distribution found for pip"], "stdout": "Looking in indexes: http://nexus:8081/repository/pypi-proxy/simple\nCollecting pip", "stdout_lines": ["Looking in indexes: http://nexus:8081/repository/pypi-proxy/simple", "Collecting pip"]}
2018-08-26 01:37:57,877 p=8805 u=ryanfisher |  PLAY RECAP ***********************************************************************************************************
2018-08-26 01:37:57,877 p=8805 u=ryanfisher |  docker_build               : ok=13   changed=1    unreachable=0    failed=1   
2018-08-26 01:37:57,877 p=8805 u=ryanfisher |  Sunday 26 August 2018  01:37:57 -0700 (0:00:09.712)       0:00:31.119 ********* 
2018-08-26 01:37:57,877 p=8805 u=ryanfisher |  =============================================================================== 
2018-08-26 01:37:57,878 p=8805 u=ryanfisher |  pip : Ensure pip is installed for Python 3 -------------------------------------------------------------------- 9.71s
2018-08-26 01:37:57,878 p=8805 u=ryanfisher |  ansible-dependencies : Update apt sources --------------------------------------------------------------------- 3.88s
2018-08-26 01:37:57,878 p=8805 u=ryanfisher |  ansible-dependencies : Ensure system package Ansible module dependencies are installed ------------------------ 3.63s
2018-08-26 01:37:57,879 p=8805 u=ryanfisher |  pip : Ensure python packages installed by apt are absent ------------------------------------------------------ 3.53s
2018-08-26 01:37:57,879 p=8805 u=ryanfisher |  pip : Check pip version and configuration --------------------------------------------------------------------- 2.61s
2018-08-26 01:37:57,879 p=8805 u=ryanfisher |  pip : Copy get-pip.py to the host ----------------------------------------------------------------------------- 2.38s
2018-08-26 01:37:57,879 p=8805 u=ryanfisher |  pip : Deploy the global pip configuration file ---------------------------------------------------------------- 1.79s
2018-08-26 01:37:57,879 p=8805 u=ryanfisher |  ansible-dependencies : Ensure the ansible directory exists ---------------------------------------------------- 0.67s
2018-08-26 01:37:57,879 p=8805 u=ryanfisher |  ansible-dependencies : Get the last installed core dependencies version --------------------------------------- 0.61s
2018-08-26 01:37:57,880 p=8805 u=ryanfisher |  ansible-dependencies : Ensure the core_dependencies_version file exists --------------------------------------- 0.52s
2018-08-26 01:37:57,880 p=8805 u=ryanfisher |  ansible-dependencies : Get the current core depencencies version ---------------------------------------------- 0.45s
2018-08-26 01:37:57,880 p=8805 u=ryanfisher |  pip : Set conditions for pip installtion ---------------------------------------------------------------------- 0.24s
2018-08-26 01:37:57,880 p=8805 u=ryanfisher |  ansible-dependencies : Set fact with core dependencies install conditions ------------------------------------- 0.23s
2018-08-26 01:37:57,880 p=8805 u=ryanfisher |  ansible-dependencies : INCLUDE ROLE - pip --------------------------------------------------------------------- 0.08s
2018-08-26 01:37:57,880 p=8805 u=ryanfisher |  INCLUDE ROLE - Install ansible dependencies ------------------------------------------------------------------- 0.07s
2018-08-26 01:37:57,880 p=8805 u=ryanfisher |  pip : INCLUDE - pip bootstrap --------------------------------------------------------------------------------- 0.07s
2018-08-26 01:37:57,880 p=8805 u=ryanfisher |  ansible-dependencies : INCLUDE - core dependencies ------------------------------------------------------------ 0.05s
2018-08-26 15:09:24,026 p=14347 u=ryanfisher |  PLAY [build] *********************************************************************************************************
2018-08-26 15:09:24,513 p=14347 u=ryanfisher |  TASK [INCLUDE ROLE - Install ansible dependencies] *******************************************************************
2018-08-26 15:09:24,513 p=14347 u=ryanfisher |  Sunday 26 August 2018  15:09:24 -0700 (0:00:00.607)       0:00:00.607 ********* 
2018-08-26 15:09:24,581 p=14347 u=ryanfisher |  TASK [ansible-dependencies : Ensure the ansible directory exists] ****************************************************
2018-08-26 15:09:24,581 p=14347 u=ryanfisher |  Sunday 26 August 2018  15:09:24 -0700 (0:00:00.067)       0:00:00.675 ********* 
2018-08-26 15:09:25,614 p=14347 u=ryanfisher |  ok: [docker_build]
2018-08-26 15:09:25,627 p=14347 u=ryanfisher |  TASK [ansible-dependencies : Ensure the core_dependencies_version file exists] ***************************************
2018-08-26 15:09:25,627 p=14347 u=ryanfisher |  Sunday 26 August 2018  15:09:25 -0700 (0:00:01.045)       0:00:01.721 ********* 
2018-08-26 15:09:26,169 p=14347 u=ryanfisher |  ok: [docker_build]
2018-08-26 15:09:26,189 p=14347 u=ryanfisher |  TASK [ansible-dependencies : Get the current core depencencies version] **********************************************
2018-08-26 15:09:26,189 p=14347 u=ryanfisher |  Sunday 26 August 2018  15:09:26 -0700 (0:00:00.562)       0:00:02.283 ********* 
2018-08-26 15:09:26,897 p=14347 u=ryanfisher |  ok: [docker_build -> localhost]
2018-08-26 15:09:26,908 p=14347 u=ryanfisher |  TASK [ansible-dependencies : Get the last installed core dependencies version] ***************************************
2018-08-26 15:09:26,909 p=14347 u=ryanfisher |  Sunday 26 August 2018  15:09:26 -0700 (0:00:00.719)       0:00:03.002 ********* 
2018-08-26 15:09:27,615 p=14347 u=ryanfisher |  ok: [docker_build]
2018-08-26 15:09:27,657 p=14347 u=ryanfisher |  TASK [ansible-dependencies : Set fact with core dependencies install conditions] *************************************
2018-08-26 15:09:27,658 p=14347 u=ryanfisher |  Sunday 26 August 2018  15:09:27 -0700 (0:00:00.749)       0:00:03.752 ********* 
2018-08-26 15:09:27,902 p=14347 u=ryanfisher |  ok: [docker_build]
2018-08-26 15:09:27,913 p=14347 u=ryanfisher |  TASK [ansible-dependencies : Update apt sources] *********************************************************************
2018-08-26 15:09:27,913 p=14347 u=ryanfisher |  Sunday 26 August 2018  15:09:27 -0700 (0:00:00.255)       0:00:04.007 ********* 
2018-08-26 15:09:31,428 p=14347 u=ryanfisher |  ok: [docker_build]
2018-08-26 15:09:31,439 p=14347 u=ryanfisher |  TASK [ansible-dependencies : INCLUDE - core dependencies] ************************************************************
2018-08-26 15:09:31,439 p=14347 u=ryanfisher |  Sunday 26 August 2018  15:09:31 -0700 (0:00:03.526)       0:00:07.533 ********* 
2018-08-26 15:09:31,464 p=14347 u=ryanfisher |  skipping: [docker_build]
2018-08-26 15:09:31,475 p=14347 u=ryanfisher |  TASK [ansible-dependencies : Ensure system package Ansible module dependencies are installed] ************************
2018-08-26 15:09:31,476 p=14347 u=ryanfisher |  Sunday 26 August 2018  15:09:31 -0700 (0:00:00.036)       0:00:07.570 ********* 
2018-08-26 15:09:35,103 p=14347 u=ryanfisher |  ok: [docker_build] => (item=[u'rsync', u'libxml2-dev', u'libxslt1-dev', u'git'])
2018-08-26 15:09:35,120 p=14347 u=ryanfisher |  TASK [ansible-dependencies : INCLUDE ROLE - pip] *********************************************************************
2018-08-26 15:09:35,120 p=14347 u=ryanfisher |  Sunday 26 August 2018  15:09:35 -0700 (0:00:03.644)       0:00:11.214 ********* 
2018-08-26 15:09:35,198 p=14347 u=ryanfisher |  TASK [pip : Deploy the global pip configuration file] ****************************************************************
2018-08-26 15:09:35,198 p=14347 u=ryanfisher |  Sunday 26 August 2018  15:09:35 -0700 (0:00:00.078)       0:00:11.292 ********* 
2018-08-26 15:09:37,025 p=14347 u=ryanfisher |  ok: [docker_build]
2018-08-26 15:09:37,039 p=14347 u=ryanfisher |  TASK [pip : Ensure python packages installed by apt are absent] ******************************************************
2018-08-26 15:09:37,040 p=14347 u=ryanfisher |  Sunday 26 August 2018  15:09:37 -0700 (0:00:01.841)       0:00:13.134 ********* 
2018-08-26 15:09:40,738 p=14347 u=ryanfisher |  ok: [docker_build] => (item=[u'python-pip', u'python3-pip', u'python-urllib3', u'python-openssl'])
2018-08-26 15:09:40,756 p=14347 u=ryanfisher |  TASK [pip : Check pip version and configuration] *********************************************************************
2018-08-26 15:09:40,756 p=14347 u=ryanfisher |  Sunday 26 August 2018  15:09:40 -0700 (0:00:03.716)       0:00:16.850 ********* 
2018-08-26 15:09:41,727 p=14347 u=ryanfisher |  ok: [docker_build] => (item=pip)
2018-08-26 15:09:42,491 p=14347 u=ryanfisher |  ok: [docker_build] => (item=pip2)
2018-08-26 15:09:43,322 p=14347 u=ryanfisher |  ok: [docker_build] => (item=pip3)
2018-08-26 15:09:43,339 p=14347 u=ryanfisher |  TASK [pip : Set conditions for pip installtion] **********************************************************************
2018-08-26 15:09:43,340 p=14347 u=ryanfisher |  Sunday 26 August 2018  15:09:43 -0700 (0:00:02.583)       0:00:19.434 ********* 
2018-08-26 15:09:43,565 p=14347 u=ryanfisher |  ok: [docker_build]
2018-08-26 15:09:43,576 p=14347 u=ryanfisher |  TASK [pip : INCLUDE - pip bootstrap] *********************************************************************************
2018-08-26 15:09:43,576 p=14347 u=ryanfisher |  Sunday 26 August 2018  15:09:43 -0700 (0:00:00.236)       0:00:19.670 ********* 
2018-08-26 15:09:43,648 p=14347 u=ryanfisher |  included: /Users/ryanfisher/dev/measurabl/src/orchestration/roles/pip/tasks/bootstrap.yml for docker_build
2018-08-26 15:09:43,664 p=14347 u=ryanfisher |  TASK [pip : Copy get-pip.py to the host] *****************************************************************************
2018-08-26 15:09:43,664 p=14347 u=ryanfisher |  Sunday 26 August 2018  15:09:43 -0700 (0:00:00.087)       0:00:19.758 ********* 
2018-08-26 15:09:45,891 p=14347 u=ryanfisher |  ok: [docker_build]
2018-08-26 15:09:45,903 p=14347 u=ryanfisher |  TASK [pip : Ensure pip is installed for Python 3] ********************************************************************
2018-08-26 15:09:45,903 p=14347 u=ryanfisher |  Sunday 26 August 2018  15:09:45 -0700 (0:00:02.239)       0:00:21.997 ********* 
2018-08-26 15:09:55,691 p=14347 u=ryanfisher |  fatal: [docker_build]: FAILED! => {"changed": true, "cmd": "/usr/bin/env python3 /tmp/get-pip.py", "delta": "0:00:09.258326", "end": "2018-08-26 22:09:55.634116", "msg": "non-zero return code", "rc": 1, "start": "2018-08-26 22:09:46.375790", "stderr": "  Retrying (Retry(total=4, connect=None, read=None, redirect=None, status=None)) after connection broken by 'NewConnectionError('<pip._vendor.urllib3.connection.HTTPConnection object at 0x7fdcf8638048>: Failed to establish a new connection: [Errno -3] Temporary failure in name resolution',)': /repository/pypi-proxy/simple/pip/\n  Retrying (Retry(total=3, connect=None, read=None, redirect=None, status=None)) after connection broken by 'NewConnectionError('<pip._vendor.urllib3.connection.HTTPConnection object at 0x7fdcf8638128>: Failed to establish a new connection: [Errno -3] Temporary failure in name resolution',)': /repository/pypi-proxy/simple/pip/\n  Retrying (Retry(total=2, connect=None, read=None, redirect=None, status=None)) after connection broken by 'NewConnectionError('<pip._vendor.urllib3.connection.HTTPConnection object at 0x7fdcf8638400>: Failed to establish a new connection: [Errno -3] Temporary failure in name resolution',)': /repository/pypi-proxy/simple/pip/\n  Retrying (Retry(total=1, connect=None, read=None, redirect=None, status=None)) after connection broken by 'NewConnectionError('<pip._vendor.urllib3.connection.HTTPConnection object at 0x7fdcf8638588>: Failed to establish a new connection: [Errno -3] Temporary failure in name resolution',)': /repository/pypi-proxy/simple/pip/\n  Retrying (Retry(total=0, connect=None, read=None, redirect=None, status=None)) after connection broken by 'NewConnectionError('<pip._vendor.urllib3.connection.HTTPConnection object at 0x7fdcf8638710>: Failed to establish a new connection: [Errno -3] Temporary failure in name resolution',)': /repository/pypi-proxy/simple/pip/\n  Could not find a version that satisfies the requirement pip (from versions: )\nNo matching distribution found for pip", "stderr_lines": ["  Retrying (Retry(total=4, connect=None, read=None, redirect=None, status=None)) after connection broken by 'NewConnectionError('<pip._vendor.urllib3.connection.HTTPConnection object at 0x7fdcf8638048>: Failed to establish a new connection: [Errno -3] Temporary failure in name resolution',)': /repository/pypi-proxy/simple/pip/", "  Retrying (Retry(total=3, connect=None, read=None, redirect=None, status=None)) after connection broken by 'NewConnectionError('<pip._vendor.urllib3.connection.HTTPConnection object at 0x7fdcf8638128>: Failed to establish a new connection: [Errno -3] Temporary failure in name resolution',)': /repository/pypi-proxy/simple/pip/", "  Retrying (Retry(total=2, connect=None, read=None, redirect=None, status=None)) after connection broken by 'NewConnectionError('<pip._vendor.urllib3.connection.HTTPConnection object at 0x7fdcf8638400>: Failed to establish a new connection: [Errno -3] Temporary failure in name resolution',)': /repository/pypi-proxy/simple/pip/", "  Retrying (Retry(total=1, connect=None, read=None, redirect=None, status=None)) after connection broken by 'NewConnectionError('<pip._vendor.urllib3.connection.HTTPConnection object at 0x7fdcf8638588>: Failed to establish a new connection: [Errno -3] Temporary failure in name resolution',)': /repository/pypi-proxy/simple/pip/", "  Retrying (Retry(total=0, connect=None, read=None, redirect=None, status=None)) after connection broken by 'NewConnectionError('<pip._vendor.urllib3.connection.HTTPConnection object at 0x7fdcf8638710>: Failed to establish a new connection: [Errno -3] Temporary failure in name resolution',)': /repository/pypi-proxy/simple/pip/", "  Could not find a version that satisfies the requirement pip (from versions: )", "No matching distribution found for pip"], "stdout": "Looking in indexes: http://nexus:8081/repository/pypi-proxy/simple\nCollecting pip", "stdout_lines": ["Looking in indexes: http://nexus:8081/repository/pypi-proxy/simple", "Collecting pip"]}
2018-08-26 15:09:55,694 p=14347 u=ryanfisher |  PLAY RECAP ***********************************************************************************************************
2018-08-26 15:09:55,695 p=14347 u=ryanfisher |  docker_build               : ok=13   changed=0    unreachable=0    failed=1   
2018-08-26 15:09:55,695 p=14347 u=ryanfisher |  Sunday 26 August 2018  15:09:55 -0700 (0:00:09.791)       0:00:31.789 ********* 
2018-08-26 15:09:55,695 p=14347 u=ryanfisher |  =============================================================================== 
2018-08-26 15:09:55,695 p=14347 u=ryanfisher |  pip : Ensure pip is installed for Python 3 -------------------------------------------------------------------- 9.79s
2018-08-26 15:09:55,695 p=14347 u=ryanfisher |  pip : Ensure python packages installed by apt are absent ------------------------------------------------------ 3.72s
2018-08-26 15:09:55,696 p=14347 u=ryanfisher |  ansible-dependencies : Ensure system package Ansible module dependencies are installed ------------------------ 3.64s
2018-08-26 15:09:55,696 p=14347 u=ryanfisher |  ansible-dependencies : Update apt sources --------------------------------------------------------------------- 3.53s
2018-08-26 15:09:55,696 p=14347 u=ryanfisher |  pip : Check pip version and configuration --------------------------------------------------------------------- 2.58s
2018-08-26 15:09:55,696 p=14347 u=ryanfisher |  pip : Copy get-pip.py to the host ----------------------------------------------------------------------------- 2.24s
2018-08-26 15:09:55,696 p=14347 u=ryanfisher |  pip : Deploy the global pip configuration file ---------------------------------------------------------------- 1.84s
2018-08-26 15:09:55,696 p=14347 u=ryanfisher |  ansible-dependencies : Ensure the ansible directory exists ---------------------------------------------------- 1.05s
2018-08-26 15:09:55,696 p=14347 u=ryanfisher |  ansible-dependencies : Get the last installed core dependencies version --------------------------------------- 0.75s
2018-08-26 15:09:55,696 p=14347 u=ryanfisher |  ansible-dependencies : Get the current core depencencies version ---------------------------------------------- 0.72s
2018-08-26 15:09:55,697 p=14347 u=ryanfisher |  ansible-dependencies : Ensure the core_dependencies_version file exists --------------------------------------- 0.56s
2018-08-26 15:09:55,697 p=14347 u=ryanfisher |  ansible-dependencies : Set fact with core dependencies install conditions ------------------------------------- 0.26s
2018-08-26 15:09:55,697 p=14347 u=ryanfisher |  pip : Set conditions for pip installtion ---------------------------------------------------------------------- 0.24s
2018-08-26 15:09:55,697 p=14347 u=ryanfisher |  pip : INCLUDE - pip bootstrap --------------------------------------------------------------------------------- 0.09s
2018-08-26 15:09:55,697 p=14347 u=ryanfisher |  ansible-dependencies : INCLUDE ROLE - pip --------------------------------------------------------------------- 0.08s
2018-08-26 15:09:55,697 p=14347 u=ryanfisher |  INCLUDE ROLE - Install ansible dependencies ------------------------------------------------------------------- 0.07s
2018-08-26 15:09:55,697 p=14347 u=ryanfisher |  ansible-dependencies : INCLUDE - core dependencies ------------------------------------------------------------ 0.04s
